<?xml version="1.0" encoding="UTF-8"?>
<!-- Generated by org.testng.reporters.JUnitXMLReporter -->
<testsuite ignored="0" hostname="RizwanA_SAG" failures="0" tests="2" name="Default test" time="62.685" errors="0" timestamp="2022-12-20T18:20:11 IST">
  <testcase classname="BUSINESSNEXT.SBCGOLD8.TESTSCENERIOS.TC_001_NTBLeadCreation" name="CreateNewLead" time="17.561"/>
  <testcase classname="BUSINESSNEXT.SBCGOLD8.TESTSCENERIOS.TC_001_NTBLeadCreation" name="CreateNewLead1" time="45.1"/>
</testsuite> <!-- Default test -->
